build/intermediates/manifest_merge_blame_file/debug/processDebugMainManifest/manifest-merger-blame-debug-report.txt
1<?xml version="1.0" encoding="utf-8"?>
2<manifest xmlns:android="http://schemas.android.com/apk/res/android"
3    package="com.example.myapplication"
4    android:versionCode="1"
5    android:versionName="1.0" >
6
7    <uses-sdk
8        android:minSdkVersion="24"
9        android:targetSdkVersion="35" />
10
11    <uses-feature
11-->src\main\AndroidManifest.xml:5:5-7:35
12        android:name="android.hardware.telephony"
12-->src\main\AndroidManifest.xml:6:9-50
13        android:required="true" />
13-->src\main\AndroidManifest.xml:7:9-32
14
15    <uses-permission android:name="android.permission.SEND_SMS" />
15-->src\main\AndroidManifest.xml:9:5-67
15-->src\main\AndroidManifest.xml:9:22-64
16    <uses-permission android:name="android.permission.ACCESS_FINE_LOCATION" />
16-->src\main\AndroidManifest.xml:10:5-79
16-->src\main\AndroidManifest.xml:10:22-76
17    <uses-permission android:name="android.permission.ACCESS_COARSE_LOCATION" />
17-->src\main\AndroidManifest.xml:11:5-81
17-->src\main\AndroidManifest.xml:11:22-78
18    <uses-permission android:name="android.permission.CALL_PHONE" />
18-->src\main\AndroidManifest.xml:12:5-69
18-->src\main\AndroidManifest.xml:12:22-66
19    <uses-permission android:name="android.permission.FOREGROUND_SERVICE" />
19-->src\main\AndroidManifest.xml:13:5-77
19-->src\main\AndroidManifest.xml:13:22-74
20    <uses-permission android:name="android.permission.INTERNET" />
20-->src\main\AndroidManifest.xml:14:5-67
20-->src\main\AndroidManifest.xml:14:22-64
21
22    <!-- Include required permissions for Google Maps API to run. -->
23    <uses-permission android:name="android.permission.ACCESS_NETWORK_STATE" />
23-->[com.google.android.gms:play-services-maps:18.1.0] AndroidManifest.xml:23:5-79
23-->[com.google.android.gms:play-services-maps:18.1.0] AndroidManifest.xml:23:22-76
24
25    <uses-feature
25-->[com.google.android.gms:play-services-maps:18.1.0] AndroidManifest.xml:26:5-28:35
26        android:glEsVersion="0x00020000"
26-->[com.google.android.gms:play-services-maps:18.1.0] AndroidManifest.xml:27:9-41
27        android:required="true" />
27-->[com.google.android.gms:play-services-maps:18.1.0] AndroidManifest.xml:28:9-32
28
29    <queries>
29-->[com.google.android.gms:play-services-maps:18.1.0] AndroidManifest.xml:30:5-34:15
30
31        <!-- Needs to be explicitly declared on Android R+ -->
32        <package android:name="com.google.android.apps.maps" />
32-->[com.google.android.gms:play-services-maps:18.1.0] AndroidManifest.xml:33:9-64
32-->[com.google.android.gms:play-services-maps:18.1.0] AndroidManifest.xml:33:18-61
33    </queries>
34
35    <permission
35-->[androidx.core:core:1.13.0] AndroidManifest.xml:22:5-24:47
36        android:name="com.example.myapplication.DYNAMIC_RECEIVER_NOT_EXPORTED_PERMISSION"
36-->[androidx.core:core:1.13.0] AndroidManifest.xml:23:9-81
37        android:protectionLevel="signature" />
37-->[androidx.core:core:1.13.0] AndroidManifest.xml:24:9-44
38
39    <uses-permission android:name="com.example.myapplication.DYNAMIC_RECEIVER_NOT_EXPORTED_PERMISSION" />
39-->[androidx.core:core:1.13.0] AndroidManifest.xml:26:5-97
39-->[androidx.core:core:1.13.0] AndroidManifest.xml:26:22-94
40
41    <application
41-->src\main\AndroidManifest.xml:16:5-41:19
42        android:allowBackup="true"
42-->src\main\AndroidManifest.xml:17:9-35
43        android:appComponentFactory="androidx.core.app.CoreComponentFactory"
43-->[androidx.core:core:1.13.0] AndroidManifest.xml:28:18-86
44        android:dataExtractionRules="@xml/data_extraction_rules"
44-->src\main\AndroidManifest.xml:18:9-65
45        android:debuggable="true"
46        android:extractNativeLibs="false"
47        android:fullBackupContent="@xml/backup_rules"
47-->src\main\AndroidManifest.xml:19:9-54
48        android:icon="@mipmap/ic_launcher"
48-->src\main\AndroidManifest.xml:20:9-43
49        android:roundIcon="@mipmap/ic_launcher_round"
49-->src\main\AndroidManifest.xml:21:9-54
50        android:supportsRtl="true"
50-->src\main\AndroidManifest.xml:22:9-35
51        android:testOnly="true"
52        android:theme="@style/Theme.MyApplication" >
52-->src\main\AndroidManifest.xml:23:9-51
53
54        <!-- Splash Screen (Corrected) -->
55        <activity
55-->src\main\AndroidManifest.xml:27:9-34:20
56            android:name="com.example.myapplication.SplashActivity"
56-->src\main\AndroidManifest.xml:28:13-43
57            android:exported="true" >
57-->src\main\AndroidManifest.xml:29:13-36
58            <intent-filter>
58-->src\main\AndroidManifest.xml:30:13-33:29
59                <action android:name="android.intent.action.MAIN" />
59-->src\main\AndroidManifest.xml:31:17-69
59-->src\main\AndroidManifest.xml:31:25-66
60
61                <category android:name="android.intent.category.LAUNCHER" />
61-->src\main\AndroidManifest.xml:32:17-77
61-->src\main\AndroidManifest.xml:32:27-74
62            </intent-filter>
63        </activity>
64
65        <!-- Main Activity (Corrected) -->
66        <activity
66-->src\main\AndroidManifest.xml:37:9-39:39
67            android:name="com.example.myapplication.MainActivity"
67-->src\main\AndroidManifest.xml:38:13-41
68            android:exported="true" />
68-->src\main\AndroidManifest.xml:39:13-36
69
70        <!-- Needs to be explicitly declared on P+ -->
71        <uses-library
71-->[com.google.android.gms:play-services-maps:18.1.0] AndroidManifest.xml:39:9-41:40
72            android:name="org.apache.http.legacy"
72-->[com.google.android.gms:play-services-maps:18.1.0] AndroidManifest.xml:40:13-50
73            android:required="false" />
73-->[com.google.android.gms:play-services-maps:18.1.0] AndroidManifest.xml:41:13-37
74
75        <activity
75-->[com.google.android.gms:play-services-base:18.1.0] AndroidManifest.xml:20:9-22:45
76            android:name="com.google.android.gms.common.api.GoogleApiActivity"
76-->[com.google.android.gms:play-services-base:18.1.0] AndroidManifest.xml:20:19-85
77            android:exported="false"
77-->[com.google.android.gms:play-services-base:18.1.0] AndroidManifest.xml:22:19-43
78            android:theme="@android:style/Theme.Translucent.NoTitleBar" />
78-->[com.google.android.gms:play-services-base:18.1.0] AndroidManifest.xml:21:19-78
79
80        <meta-data
80-->[com.google.android.gms:play-services-basement:18.1.0] AndroidManifest.xml:21:9-23:69
81            android:name="com.google.android.gms.version"
81-->[com.google.android.gms:play-services-basement:18.1.0] AndroidManifest.xml:22:13-58
82            android:value="@integer/google_play_services_version" />
82-->[com.google.android.gms:play-services-basement:18.1.0] AndroidManifest.xml:23:13-66
83
84        <provider
84-->[androidx.emoji2:emoji2:1.3.0] AndroidManifest.xml:24:9-32:20
85            android:name="androidx.startup.InitializationProvider"
85-->[androidx.emoji2:emoji2:1.3.0] AndroidManifest.xml:25:13-67
86            android:authorities="com.example.myapplication.androidx-startup"
86-->[androidx.emoji2:emoji2:1.3.0] AndroidManifest.xml:26:13-68
87            android:exported="false" >
87-->[androidx.emoji2:emoji2:1.3.0] AndroidManifest.xml:27:13-37
88            <meta-data
88-->[androidx.emoji2:emoji2:1.3.0] AndroidManifest.xml:29:13-31:52
89                android:name="androidx.emoji2.text.EmojiCompatInitializer"
89-->[androidx.emoji2:emoji2:1.3.0] AndroidManifest.xml:30:17-75
90                android:value="androidx.startup" />
90-->[androidx.emoji2:emoji2:1.3.0] AndroidManifest.xml:31:17-49
91            <meta-data
91-->[androidx.lifecycle:lifecycle-process:2.6.2] AndroidManifest.xml:29:13-31:52
92                android:name="androidx.lifecycle.ProcessLifecycleInitializer"
92-->[androidx.lifecycle:lifecycle-process:2.6.2] AndroidManifest.xml:30:17-78
93                android:value="androidx.startup" />
93-->[androidx.lifecycle:lifecycle-process:2.6.2] AndroidManifest.xml:31:17-49
94            <meta-data
94-->[androidx.profileinstaller:profileinstaller:1.4.0] AndroidManifest.xml:29:13-31:52
95                android:name="androidx.profileinstaller.ProfileInstallerInitializer"
95-->[androidx.profileinstaller:profileinstaller:1.4.0] AndroidManifest.xml:30:17-85
96                android:value="androidx.startup" />
96-->[androidx.profileinstaller:profileinstaller:1.4.0] AndroidManifest.xml:31:17-49
97        </provider>
98
99        <receiver
99-->[androidx.profileinstaller:profileinstaller:1.4.0] AndroidManifest.xml:34:9-52:20
100            android:name="androidx.profileinstaller.ProfileInstallReceiver"
100-->[androidx.profileinstaller:profileinstaller:1.4.0] AndroidManifest.xml:35:13-76
101            android:directBootAware="false"
101-->[androidx.profileinstaller:profileinstaller:1.4.0] AndroidManifest.xml:36:13-44
102            android:enabled="true"
102-->[androidx.profileinstaller:profileinstaller:1.4.0] AndroidManifest.xml:37:13-35
103            android:exported="true"
103-->[androidx.profileinstaller:profileinstaller:1.4.0] AndroidManifest.xml:38:13-36
104            android:permission="android.permission.DUMP" >
104-->[androidx.profileinstaller:profileinstaller:1.4.0] AndroidManifest.xml:39:13-57
105            <intent-filter>
105-->[androidx.profileinstaller:profileinstaller:1.4.0] AndroidManifest.xml:40:13-42:29
106                <action android:name="androidx.profileinstaller.action.INSTALL_PROFILE" />
106-->[androidx.profileinstaller:profileinstaller:1.4.0] AndroidManifest.xml:41:17-91
106-->[androidx.profileinstaller:profileinstaller:1.4.0] AndroidManifest.xml:41:25-88
107            </intent-filter>
108            <intent-filter>
108-->[androidx.profileinstaller:profileinstaller:1.4.0] AndroidManifest.xml:43:13-45:29
109                <action android:name="androidx.profileinstaller.action.SKIP_FILE" />
109-->[androidx.profileinstaller:profileinstaller:1.4.0] AndroidManifest.xml:44:17-85
109-->[androidx.profileinstaller:profileinstaller:1.4.0] AndroidManifest.xml:44:25-82
110            </intent-filter>
111            <intent-filter>
111-->[androidx.profileinstaller:profileinstaller:1.4.0] AndroidManifest.xml:46:13-48:29
112                <action android:name="androidx.profileinstaller.action.SAVE_PROFILE" />
112-->[androidx.profileinstaller:profileinstaller:1.4.0] AndroidManifest.xml:47:17-88
112-->[androidx.profileinstaller:profileinstaller:1.4.0] AndroidManifest.xml:47:25-85
113            </intent-filter>
114            <intent-filter>
114-->[androidx.profileinstaller:profileinstaller:1.4.0] AndroidManifest.xml:49:13-51:29
115                <action android:name="androidx.profileinstaller.action.BENCHMARK_OPERATION" />
115-->[androidx.profileinstaller:profileinstaller:1.4.0] AndroidManifest.xml:50:17-95
115-->[androidx.profileinstaller:profileinstaller:1.4.0] AndroidManifest.xml:50:25-92
116            </intent-filter>
117        </receiver>
118    </application>
119
120</manifest>